<?xml version="1.0" encoding="UTF-8"?>
<Site BuildName="Win32-mingw32-make"
	BuildStamp="20240418-2036-Experimental"
	Name="Mitzillfi-Desktop"
	Generator="ctest-3.23.0-rc2"
	CompilerName="C:/MinGW/bin/mingw32-g++.exe"
	CompilerVersion=""
	OSName="Windows"
	Hostname="Mitzillfi-Desktop"
	OSRelease=" Personal"
	OSVersion=" (Build 19045)"
	OSPlatform="AMD64"
	Is64Bits="1"
	VendorString="GenuineIntel"
	VendorID="Intel Corporation"
	FamilyID="6"
	ModelID="7"
	ProcessorCacheSize="-1"
	NumberOfLogicalCPU="16"
	NumberOfPhysicalCPU="8"
	TotalVirtualMemory="37514"
	TotalPhysicalMemory="32550"
	LogicalProcessorsPerPhysical="2"
	ProcessorClockFrequency="2496"
	>
	<Testing>
		<StartDateTime>Apr 18 13:36 Pacific Daylight Time</StartDateTime>
		<StartTestTime>1713472589</StartTestTime>
		<TestList/>
		<EndDateTime>Apr 18 13:36 Pacific Daylight Time</EndDateTime>
		<EndTestTime>1713472589</EndTestTime>
		<ElapsedMinutes>0</ElapsedMinutes>
	</Testing>
</Site>
